<?xml version="1.0" encoding="UTF-8"?>
<!-- Generated by org.testng.reporters.JUnitXMLReporter -->
<testsuite ignored="2" hostname="DESKTOP-MOEREO5" failures="0" tests="6" name="cars" time="0.047" errors="0" timestamp="2022-03-04T19:16:15 IST">
  <testcase classname="udemyteng.firsttest" name="kilo" time="0.002"/>
  <testcase classname="udemyteng.firsttest" name="kilo" time="0.002"/>
  <testcase classname="udemyteng.firsttest" name="kilo" time="0.002"/>
  <testcase classname="udemyteng.firsttest" name="zilos" time="0.003"/>
  <testcase classname="udemyteng.firsttest" name="zilos" time="0.004"/>
  <testcase classname="udemyteng.firsttest" name="zilos" time="0.003"/>
  <testcase classname="udemyteng.firsttest" name="kolosj" time="0.0">
    <ignored/>
  </testcase> <!-- kolosj -->
  <testcase classname="udemyteng.firsttest" name="jingalala" time="0.0">
    <ignored/>
  </testcase> <!-- jingalala -->
</testsuite> <!-- cars -->
