<?xml version="1.0" encoding="UTF-8"?>
<!-- Generated by org.testng.reporters.JUnitXMLReporter -->
<testsuite ignored="1" hostname="DESKTOP-MOEREO5" failures="0" tests="8" name="Test" time="0.148" errors="0" timestamp="2022-03-04T19:16:14 IST">
  <testcase classname="udemyteng.firsttest" name="jingalala" time="0.009"/>
  <testcase classname="udemyteng.firsttest" name="kilo" time="0.001"/>
  <testcase classname="udemyteng.firsttest" name="kilo" time="0.002"/>
  <testcase classname="udemyteng.firsttest" name="kilo" time="0.002"/>
  <testcase classname="udemyteng.firsttest" name="zilos" time="0.002"/>
  <testcase classname="udemyteng.firsttest" name="zilos" time="0.008"/>
  <testcase classname="udemyteng.firsttest" name="zilos" time="0.005"/>
  <testcase classname="udemyteng.Secondtest" name="data" time="0.002"/>
  <testcase classname="udemyteng.firsttest" name="kolosj" time="0.0">
    <ignored/>
  </testcase> <!-- kolosj -->
</testsuite> <!-- Test -->
