<?xml version="1.0" encoding="UTF-8"?>
<testng-results ignored="3" total="17" passed="14" failed="0" skipped="0">
  <reporter-output>
  </reporter-output>
  <suite started-at="2022-03-04T19:16:14 IST" name="Suite" finished-at="2022-03-04T19:16:15 IST" duration-ms="484">
    <groups>
    </groups>
    <test started-at="2022-03-04T19:16:14 IST" name="Test" finished-at="2022-03-04T19:16:14 IST" duration-ms="148">
      <class name="udemyteng.firsttest">
        <test-method is-config="true" signature="kolo()[pri:0, instance:udemyteng.firsttest@3059cbc]" started-at="2022-03-04T19:16:14 IST" name="kolo" finished-at="2022-03-04T19:16:14 IST" duration-ms="12" status="PASS">
          <reporter-output>
          </reporter-output>
        </test-method> <!-- kolo -->
        <test-method signature="jingalala()[pri:0, instance:udemyteng.firsttest@3059cbc]" started-at="2022-03-04T19:16:14 IST" name="jingalala" finished-at="2022-03-04T19:16:14 IST" duration-ms="9" status="PASS">
          <reporter-output>
          </reporter-output>
        </test-method> <!-- jingalala -->
        <test-method signature="kilo()[pri:0, instance:udemyteng.firsttest@3059cbc]" started-at="2022-03-04T19:16:14 IST" name="kilo" finished-at="2022-03-04T19:16:14 IST" duration-ms="1" status="PASS">
          <reporter-output>
          </reporter-output>
        </test-method> <!-- kilo -->
        <test-method signature="kilo()[pri:0, instance:udemyteng.firsttest@3059cbc]" started-at="2022-03-04T19:16:14 IST" name="kilo" finished-at="2022-03-04T19:16:14 IST" duration-ms="2" status="PASS">
          <reporter-output>
          </reporter-output>
        </test-method> <!-- kilo -->
        <test-method signature="kilo()[pri:0, instance:udemyteng.firsttest@3059cbc]" started-at="2022-03-04T19:16:14 IST" name="kilo" finished-at="2022-03-04T19:16:14 IST" duration-ms="2" status="PASS">
          <reporter-output>
          </reporter-output>
        </test-method> <!-- kilo -->
        <test-method signature="zilos(java.lang.String,int)[pri:0, instance:udemyteng.firsttest@3059cbc]" started-at="2022-03-04T19:16:14 IST" name="zilos" data-provider="milos" finished-at="2022-03-04T19:16:14 IST" duration-ms="2" status="PASS">
          <params>
            <param index="0">
              <value>
                <![CDATA[vhsg]]>
              </value>
            </param>
            <param index="1">
              <value>
                <![CDATA[19]]>
              </value>
            </param>
          </params>
          <reporter-output>
          </reporter-output>
        </test-method> <!-- zilos -->
        <test-method signature="zilos(java.lang.String,int)[pri:0, instance:udemyteng.firsttest@3059cbc]" started-at="2022-03-04T19:16:14 IST" name="zilos" data-provider="milos" finished-at="2022-03-04T19:16:14 IST" duration-ms="8" status="PASS">
          <params>
            <param index="0">
              <value>
                <![CDATA[jdbb]]>
              </value>
            </param>
            <param index="1">
              <value>
                <![CDATA[198]]>
              </value>
            </param>
          </params>
          <reporter-output>
          </reporter-output>
        </test-method> <!-- zilos -->
        <test-method signature="zilos(java.lang.String,int)[pri:0, instance:udemyteng.firsttest@3059cbc]" started-at="2022-03-04T19:16:14 IST" name="zilos" data-provider="milos" finished-at="2022-03-04T19:16:14 IST" duration-ms="5" status="PASS">
          <params>
            <param index="0">
              <value>
                <![CDATA[bhhb]]>
              </value>
            </param>
            <param index="1">
              <value>
                <![CDATA[19]]>
              </value>
            </param>
          </params>
          <reporter-output>
          </reporter-output>
        </test-method> <!-- zilos -->
      </class> <!-- udemyteng.firsttest -->
      <class name="udemyteng.Secondtest">
        <test-method signature="data()[pri:0, instance:udemyteng.Secondtest@2053d869]" started-at="2022-03-04T19:16:14 IST" name="data" finished-at="2022-03-04T19:16:14 IST" duration-ms="2" status="PASS">
          <reporter-output>
          </reporter-output>
        </test-method> <!-- data -->
        <test-method is-config="true" signature="zip()[pri:0, instance:udemyteng.Secondtest@2053d869]" started-at="2022-03-04T19:16:14 IST" name="zip" finished-at="2022-03-04T19:16:14 IST" duration-ms="0" status="PASS">
          <reporter-output>
          </reporter-output>
        </test-method> <!-- zip -->
      </class> <!-- udemyteng.Secondtest -->
    </test> <!-- Test -->
    <test started-at="2022-03-04T19:16:14 IST" name="cars" finished-at="2022-03-04T19:16:15 IST" duration-ms="47">
      <class name="udemyteng.firsttest">
        <test-method is-config="true" signature="kolo()[pri:0, instance:udemyteng.firsttest@6cd28fa7]" started-at="2022-03-04T19:16:14 IST" name="kolo" finished-at="2022-03-04T19:16:14 IST" duration-ms="4" status="PASS">
          <reporter-output>
          </reporter-output>
        </test-method> <!-- kolo -->
        <test-method signature="kilo()[pri:0, instance:udemyteng.firsttest@6cd28fa7]" started-at="2022-03-04T19:16:14 IST" name="kilo" finished-at="2022-03-04T19:16:14 IST" duration-ms="2" status="PASS">
          <reporter-output>
          </reporter-output>
        </test-method> <!-- kilo -->
        <test-method signature="kilo()[pri:0, instance:udemyteng.firsttest@6cd28fa7]" started-at="2022-03-04T19:16:14 IST" name="kilo" finished-at="2022-03-04T19:16:14 IST" duration-ms="2" status="PASS">
          <reporter-output>
          </reporter-output>
        </test-method> <!-- kilo -->
        <test-method signature="kilo()[pri:0, instance:udemyteng.firsttest@6cd28fa7]" started-at="2022-03-04T19:16:14 IST" name="kilo" finished-at="2022-03-04T19:16:14 IST" duration-ms="2" status="PASS">
          <reporter-output>
          </reporter-output>
        </test-method> <!-- kilo -->
        <test-method signature="zilos(java.lang.String,int)[pri:0, instance:udemyteng.firsttest@6cd28fa7]" started-at="2022-03-04T19:16:14 IST" name="zilos" data-provider="milos" finished-at="2022-03-04T19:16:14 IST" duration-ms="3" status="PASS">
          <params>
            <param index="0">
              <value>
                <![CDATA[vhsg]]>
              </value>
            </param>
            <param index="1">
              <value>
                <![CDATA[19]]>
              </value>
            </param>
          </params>
          <reporter-output>
          </reporter-output>
        </test-method> <!-- zilos -->
        <test-method signature="zilos(java.lang.String,int)[pri:0, instance:udemyteng.firsttest@6cd28fa7]" started-at="2022-03-04T19:16:14 IST" name="zilos" data-provider="milos" finished-at="2022-03-04T19:16:14 IST" duration-ms="4" status="PASS">
          <params>
            <param index="0">
              <value>
                <![CDATA[jdbb]]>
              </value>
            </param>
            <param index="1">
              <value>
                <![CDATA[198]]>
              </value>
            </param>
          </params>
          <reporter-output>
          </reporter-output>
        </test-method> <!-- zilos -->
        <test-method signature="zilos(java.lang.String,int)[pri:0, instance:udemyteng.firsttest@6cd28fa7]" started-at="2022-03-04T19:16:15 IST" name="zilos" data-provider="milos" finished-at="2022-03-04T19:16:15 IST" duration-ms="3" status="PASS">
          <params>
            <param index="0">
              <value>
                <![CDATA[bhhb]]>
              </value>
            </param>
            <param index="1">
              <value>
                <![CDATA[19]]>
              </value>
            </param>
          </params>
          <reporter-output>
          </reporter-output>
        </test-method> <!-- zilos -->
      </class> <!-- udemyteng.firsttest -->
    </test> <!-- cars -->
  </suite> <!-- Suite -->
</testng-results>
